[2024-07-03 23:57:25] Error [8]: Undefined variable: data in E:\laragon\www\apps\tugas\wisata_mollo_utara\views\polygon-mapping.php on line 57
[2024-07-04 00:13:44] Error [2]: Invalid argument supplied for foreach() in E:\laragon\www\apps\tugas\wisata_mollo_utara\views\polygon-mapping.php on line 57
[2024-07-04 00:13:44] Error [2]: Invalid argument supplied for foreach() in E:\laragon\www\apps\tugas\wisata_mollo_utara\views\polygon-mapping.php on line 127
[2024-07-04 00:19:07] Error [8]: Undefined index: id_pmap in E:\laragon\www\apps\tugas\wisata_mollo_utara\views\polygon-mapping.php on line 58
[2024-07-04 00:19:07] Error [8]: Undefined index: id_pmap in E:\laragon\www\apps\tugas\wisata_mollo_utara\views\polygon-mapping.php on line 58
[2024-07-04 00:19:07] Error [8]: Undefined index: id_pmap in E:\laragon\www\apps\tugas\wisata_mollo_utara\views\polygon-mapping.php on line 61
[2024-07-04 00:19:07] Error [8]: Undefined index: id_pmap in E:\laragon\www\apps\tugas\wisata_mollo_utara\views\polygon-mapping.php on line 58
[2024-07-04 00:19:07] Error [8]: Undefined index: id_pmap in E:\laragon\www\apps\tugas\wisata_mollo_utara\views\polygon-mapping.php on line 58
[2024-07-04 00:19:07] Error [8]: Undefined index: id_pmap in E:\laragon\www\apps\tugas\wisata_mollo_utara\views\polygon-mapping.php on line 61
[2024-07-04 00:19:07] Error [8]: Undefined index: id_pmap in E:\laragon\www\apps\tugas\wisata_mollo_utara\views\polygon-mapping.php on line 58
[2024-07-04 00:19:07] Error [8]: Undefined index: id_pmap in E:\laragon\www\apps\tugas\wisata_mollo_utara\views\polygon-mapping.php on line 58
[2024-07-04 00:19:07] Error [8]: Undefined index: id_pmap in E:\laragon\www\apps\tugas\wisata_mollo_utara\views\polygon-mapping.php on line 61
[2024-07-04 00:19:07] Error [8]: Undefined index: id_pmap in E:\laragon\www\apps\tugas\wisata_mollo_utara\views\polygon-mapping.php on line 58
[2024-07-04 00:19:07] Error [8]: Undefined index: id_pmap in E:\laragon\www\apps\tugas\wisata_mollo_utara\views\polygon-mapping.php on line 58
[2024-07-04 00:19:07] Error [8]: Undefined index: id_pmap in E:\laragon\www\apps\tugas\wisata_mollo_utara\views\polygon-mapping.php on line 61
[2024-07-04 00:19:07] Error [8]: Undefined index: id_pmap in E:\laragon\www\apps\tugas\wisata_mollo_utara\views\polygon-mapping.php on line 58
[2024-07-04 00:19:07] Error [8]: Undefined index: id_pmap in E:\laragon\www\apps\tugas\wisata_mollo_utara\views\polygon-mapping.php on line 58
[2024-07-04 00:19:07] Error [8]: Undefined index: id_pmap in E:\laragon\www\apps\tugas\wisata_mollo_utara\views\polygon-mapping.php on line 61
[2024-07-04 00:19:07] Error [8]: Undefined index: id_pmap in E:\laragon\www\apps\tugas\wisata_mollo_utara\views\polygon-mapping.php on line 58
[2024-07-04 00:19:07] Error [8]: Undefined index: id_pmap in E:\laragon\www\apps\tugas\wisata_mollo_utara\views\polygon-mapping.php on line 58
[2024-07-04 00:19:07] Error [8]: Undefined index: id_pmap in E:\laragon\www\apps\tugas\wisata_mollo_utara\views\polygon-mapping.php on line 61
[2024-07-04 00:19:07] Error [8]: Undefined index: id_pmap in E:\laragon\www\apps\tugas\wisata_mollo_utara\views\polygon-mapping.php on line 58
[2024-07-04 00:19:07] Error [8]: Undefined index: id_pmap in E:\laragon\www\apps\tugas\wisata_mollo_utara\views\polygon-mapping.php on line 58
[2024-07-04 00:19:07] Error [8]: Undefined index: id_pmap in E:\laragon\www\apps\tugas\wisata_mollo_utara\views\polygon-mapping.php on line 61
[2024-07-04 00:19:07] Error [8]: Undefined index: id_pmap in E:\laragon\www\apps\tugas\wisata_mollo_utara\views\polygon-mapping.php on line 58
[2024-07-04 00:19:07] Error [8]: Undefined index: id_pmap in E:\laragon\www\apps\tugas\wisata_mollo_utara\views\polygon-mapping.php on line 58
[2024-07-04 00:19:07] Error [8]: Undefined index: id_pmap in E:\laragon\www\apps\tugas\wisata_mollo_utara\views\polygon-mapping.php on line 61
[2024-07-04 00:19:07] Error [8]: Undefined index: id_pmap in E:\laragon\www\apps\tugas\wisata_mollo_utara\views\polygon-mapping.php on line 58
[2024-07-04 00:19:07] Error [8]: Undefined index: id_pmap in E:\laragon\www\apps\tugas\wisata_mollo_utara\views\polygon-mapping.php on line 58
[2024-07-04 00:19:07] Error [8]: Undefined index: id_pmap in E:\laragon\www\apps\tugas\wisata_mollo_utara\views\polygon-mapping.php on line 61
[2024-07-04 00:19:07] Error [8]: Undefined index: id_pmap in E:\laragon\www\apps\tugas\wisata_mollo_utara\views\polygon-mapping.php on line 58
[2024-07-04 00:19:07] Error [8]: Undefined index: id_pmap in E:\laragon\www\apps\tugas\wisata_mollo_utara\views\polygon-mapping.php on line 58
[2024-07-04 00:19:07] Error [8]: Undefined index: id_pmap in E:\laragon\www\apps\tugas\wisata_mollo_utara\views\polygon-mapping.php on line 61
[2024-07-04 00:19:07] Error [8]: Undefined index: id_pmap in E:\laragon\www\apps\tugas\wisata_mollo_utara\views\polygon-mapping.php on line 58
[2024-07-04 00:19:07] Error [8]: Undefined index: id_pmap in E:\laragon\www\apps\tugas\wisata_mollo_utara\views\polygon-mapping.php on line 58
[2024-07-04 00:19:07] Error [8]: Undefined index: id_pmap in E:\laragon\www\apps\tugas\wisata_mollo_utara\views\polygon-mapping.php on line 61
[2024-07-04 00:19:07] Error [8]: Undefined index: id_pmap in E:\laragon\www\apps\tugas\wisata_mollo_utara\views\polygon-mapping.php on line 58
[2024-07-04 00:19:07] Error [8]: Undefined index: id_pmap in E:\laragon\www\apps\tugas\wisata_mollo_utara\views\polygon-mapping.php on line 58
[2024-07-04 00:19:07] Error [8]: Undefined index: id_pmap in E:\laragon\www\apps\tugas\wisata_mollo_utara\views\polygon-mapping.php on line 61
[2024-07-04 00:19:07] Error [2]: Invalid argument supplied for foreach() in E:\laragon\www\apps\tugas\wisata_mollo_utara\views\polygon-mapping.php on line 132
[2024-07-04 00:19:12] Error [8]: Undefined index: id_pmap in E:\laragon\www\apps\tugas\wisata_mollo_utara\views\polygon-mapping.php on line 58
[2024-07-04 00:19:12] Error [8]: Undefined index: id_pmap in E:\laragon\www\apps\tugas\wisata_mollo_utara\views\polygon-mapping.php on line 58
[2024-07-04 00:19:12] Error [8]: Undefined index: id_pmap in E:\laragon\www\apps\tugas\wisata_mollo_utara\views\polygon-mapping.php on line 61
[2024-07-04 00:19:12] Error [8]: Undefined index: id_pmap in E:\laragon\www\apps\tugas\wisata_mollo_utara\views\polygon-mapping.php on line 58
[2024-07-04 00:19:12] Error [8]: Undefined index: id_pmap in E:\laragon\www\apps\tugas\wisata_mollo_utara\views\polygon-mapping.php on line 58
[2024-07-04 00:19:12] Error [8]: Undefined index: id_pmap in E:\laragon\www\apps\tugas\wisata_mollo_utara\views\polygon-mapping.php on line 61
[2024-07-04 00:19:12] Error [8]: Undefined index: id_pmap in E:\laragon\www\apps\tugas\wisata_mollo_utara\views\polygon-mapping.php on line 58
[2024-07-04 00:19:12] Error [8]: Undefined index: id_pmap in E:\laragon\www\apps\tugas\wisata_mollo_utara\views\polygon-mapping.php on line 58
[2024-07-04 00:19:12] Error [8]: Undefined index: id_pmap in E:\laragon\www\apps\tugas\wisata_mollo_utara\views\polygon-mapping.php on line 61
[2024-07-04 00:19:12] Error [8]: Undefined index: id_pmap in E:\laragon\www\apps\tugas\wisata_mollo_utara\views\polygon-mapping.php on line 58
[2024-07-04 00:19:12] Error [8]: Undefined index: id_pmap in E:\laragon\www\apps\tugas\wisata_mollo_utara\views\polygon-mapping.php on line 58
[2024-07-04 00:19:12] Error [8]: Undefined index: id_pmap in E:\laragon\www\apps\tugas\wisata_mollo_utara\views\polygon-mapping.php on line 61
[2024-07-04 00:19:12] Error [8]: Undefined index: id_pmap in E:\laragon\www\apps\tugas\wisata_mollo_utara\views\polygon-mapping.php on line 58
[2024-07-04 00:19:12] Error [8]: Undefined index: id_pmap in E:\laragon\www\apps\tugas\wisata_mollo_utara\views\polygon-mapping.php on line 58
[2024-07-04 00:19:12] Error [8]: Undefined index: id_pmap in E:\laragon\www\apps\tugas\wisata_mollo_utara\views\polygon-mapping.php on line 61
[2024-07-04 00:19:12] Error [8]: Undefined index: id_pmap in E:\laragon\www\apps\tugas\wisata_mollo_utara\views\polygon-mapping.php on line 58
[2024-07-04 00:19:12] Error [8]: Undefined index: id_pmap in E:\laragon\www\apps\tugas\wisata_mollo_utara\views\polygon-mapping.php on line 58
[2024-07-04 00:19:12] Error [8]: Undefined index: id_pmap in E:\laragon\www\apps\tugas\wisata_mollo_utara\views\polygon-mapping.php on line 61
[2024-07-04 00:19:12] Error [8]: Undefined index: id_pmap in E:\laragon\www\apps\tugas\wisata_mollo_utara\views\polygon-mapping.php on line 58
[2024-07-04 00:19:12] Error [8]: Undefined index: id_pmap in E:\laragon\www\apps\tugas\wisata_mollo_utara\views\polygon-mapping.php on line 58
[2024-07-04 00:19:12] Error [8]: Undefined index: id_pmap in E:\laragon\www\apps\tugas\wisata_mollo_utara\views\polygon-mapping.php on line 61
[2024-07-04 00:19:12] Error [8]: Undefined index: id_pmap in E:\laragon\www\apps\tugas\wisata_mollo_utara\views\polygon-mapping.php on line 58
[2024-07-04 00:19:12] Error [8]: Undefined index: id_pmap in E:\laragon\www\apps\tugas\wisata_mollo_utara\views\polygon-mapping.php on line 58
[2024-07-04 00:19:12] Error [8]: Undefined index: id_pmap in E:\laragon\www\apps\tugas\wisata_mollo_utara\views\polygon-mapping.php on line 61
[2024-07-04 00:19:12] Error [8]: Undefined index: id_pmap in E:\laragon\www\apps\tugas\wisata_mollo_utara\views\polygon-mapping.php on line 58
[2024-07-04 00:19:12] Error [8]: Undefined index: id_pmap in E:\laragon\www\apps\tugas\wisata_mollo_utara\views\polygon-mapping.php on line 58
[2024-07-04 00:19:12] Error [8]: Undefined index: id_pmap in E:\laragon\www\apps\tugas\wisata_mollo_utara\views\polygon-mapping.php on line 61
[2024-07-04 00:19:12] Error [8]: Undefined index: id_pmap in E:\laragon\www\apps\tugas\wisata_mollo_utara\views\polygon-mapping.php on line 58
[2024-07-04 00:19:12] Error [8]: Undefined index: id_pmap in E:\laragon\www\apps\tugas\wisata_mollo_utara\views\polygon-mapping.php on line 58
[2024-07-04 00:19:12] Error [8]: Undefined index: id_pmap in E:\laragon\www\apps\tugas\wisata_mollo_utara\views\polygon-mapping.php on line 61
[2024-07-04 00:19:12] Error [8]: Undefined index: id_pmap in E:\laragon\www\apps\tugas\wisata_mollo_utara\views\polygon-mapping.php on line 58
[2024-07-04 00:19:12] Error [8]: Undefined index: id_pmap in E:\laragon\www\apps\tugas\wisata_mollo_utara\views\polygon-mapping.php on line 58
[2024-07-04 00:19:12] Error [8]: Undefined index: id_pmap in E:\laragon\www\apps\tugas\wisata_mollo_utara\views\polygon-mapping.php on line 61
[2024-07-04 00:19:12] Error [8]: Undefined index: id_pmap in E:\laragon\www\apps\tugas\wisata_mollo_utara\views\polygon-mapping.php on line 58
[2024-07-04 00:19:12] Error [8]: Undefined index: id_pmap in E:\laragon\www\apps\tugas\wisata_mollo_utara\views\polygon-mapping.php on line 58
[2024-07-04 00:19:12] Error [8]: Undefined index: id_pmap in E:\laragon\www\apps\tugas\wisata_mollo_utara\views\polygon-mapping.php on line 61
[2024-07-04 00:19:12] Error [2]: Invalid argument supplied for foreach() in E:\laragon\www\apps\tugas\wisata_mollo_utara\views\polygon-mapping.php on line 132
[2024-07-04 00:20:07] Error [8]: Undefined index: id_pmap in E:\laragon\www\apps\tugas\wisata_mollo_utara\views\polygon-mapping.php on line 58
[2024-07-04 00:20:07] Error [8]: Undefined index: id_pmap in E:\laragon\www\apps\tugas\wisata_mollo_utara\views\polygon-mapping.php on line 58
[2024-07-04 00:20:07] Error [8]: Undefined index: id_pmap in E:\laragon\www\apps\tugas\wisata_mollo_utara\views\polygon-mapping.php on line 61
[2024-07-04 00:20:07] Error [8]: Undefined index: id_pmap in E:\laragon\www\apps\tugas\wisata_mollo_utara\views\polygon-mapping.php on line 58
[2024-07-04 00:20:07] Error [8]: Undefined index: id_pmap in E:\laragon\www\apps\tugas\wisata_mollo_utara\views\polygon-mapping.php on line 58
[2024-07-04 00:20:07] Error [8]: Undefined index: id_pmap in E:\laragon\www\apps\tugas\wisata_mollo_utara\views\polygon-mapping.php on line 61
[2024-07-04 00:20:07] Error [8]: Undefined index: id_pmap in E:\laragon\www\apps\tugas\wisata_mollo_utara\views\polygon-mapping.php on line 58
[2024-07-04 00:20:07] Error [8]: Undefined index: id_pmap in E:\laragon\www\apps\tugas\wisata_mollo_utara\views\polygon-mapping.php on line 58
[2024-07-04 00:20:07] Error [8]: Undefined index: id_pmap in E:\laragon\www\apps\tugas\wisata_mollo_utara\views\polygon-mapping.php on line 61
[2024-07-04 00:20:07] Error [8]: Undefined index: id_pmap in E:\laragon\www\apps\tugas\wisata_mollo_utara\views\polygon-mapping.php on line 58
[2024-07-04 00:20:07] Error [8]: Undefined index: id_pmap in E:\laragon\www\apps\tugas\wisata_mollo_utara\views\polygon-mapping.php on line 58
[2024-07-04 00:20:07] Error [8]: Undefined index: id_pmap in E:\laragon\www\apps\tugas\wisata_mollo_utara\views\polygon-mapping.php on line 61
[2024-07-04 00:20:07] Error [8]: Undefined index: id_pmap in E:\laragon\www\apps\tugas\wisata_mollo_utara\views\polygon-mapping.php on line 58
[2024-07-04 00:20:07] Error [8]: Undefined index: id_pmap in E:\laragon\www\apps\tugas\wisata_mollo_utara\views\polygon-mapping.php on line 58
[2024-07-04 00:20:07] Error [8]: Undefined index: id_pmap in E:\laragon\www\apps\tugas\wisata_mollo_utara\views\polygon-mapping.php on line 61
[2024-07-04 00:20:07] Error [8]: Undefined index: id_pmap in E:\laragon\www\apps\tugas\wisata_mollo_utara\views\polygon-mapping.php on line 58
[2024-07-04 00:20:07] Error [8]: Undefined index: id_pmap in E:\laragon\www\apps\tugas\wisata_mollo_utara\views\polygon-mapping.php on line 58
[2024-07-04 00:20:07] Error [8]: Undefined index: id_pmap in E:\laragon\www\apps\tugas\wisata_mollo_utara\views\polygon-mapping.php on line 61
[2024-07-04 00:20:07] Error [8]: Undefined index: id_pmap in E:\laragon\www\apps\tugas\wisata_mollo_utara\views\polygon-mapping.php on line 58
[2024-07-04 00:20:07] Error [8]: Undefined index: id_pmap in E:\laragon\www\apps\tugas\wisata_mollo_utara\views\polygon-mapping.php on line 58
[2024-07-04 00:20:07] Error [8]: Undefined index: id_pmap in E:\laragon\www\apps\tugas\wisata_mollo_utara\views\polygon-mapping.php on line 61
[2024-07-04 00:20:07] Error [8]: Undefined index: id_pmap in E:\laragon\www\apps\tugas\wisata_mollo_utara\views\polygon-mapping.php on line 58
[2024-07-04 00:20:07] Error [8]: Undefined index: id_pmap in E:\laragon\www\apps\tugas\wisata_mollo_utara\views\polygon-mapping.php on line 58
[2024-07-04 00:20:07] Error [8]: Undefined index: id_pmap in E:\laragon\www\apps\tugas\wisata_mollo_utara\views\polygon-mapping.php on line 61
[2024-07-04 00:20:07] Error [8]: Undefined index: id_pmap in E:\laragon\www\apps\tugas\wisata_mollo_utara\views\polygon-mapping.php on line 58
[2024-07-04 00:20:07] Error [8]: Undefined index: id_pmap in E:\laragon\www\apps\tugas\wisata_mollo_utara\views\polygon-mapping.php on line 58
[2024-07-04 00:20:07] Error [8]: Undefined index: id_pmap in E:\laragon\www\apps\tugas\wisata_mollo_utara\views\polygon-mapping.php on line 61
[2024-07-04 00:20:07] Error [8]: Undefined index: id_pmap in E:\laragon\www\apps\tugas\wisata_mollo_utara\views\polygon-mapping.php on line 58
[2024-07-04 00:20:07] Error [8]: Undefined index: id_pmap in E:\laragon\www\apps\tugas\wisata_mollo_utara\views\polygon-mapping.php on line 58
[2024-07-04 00:20:07] Error [8]: Undefined index: id_pmap in E:\laragon\www\apps\tugas\wisata_mollo_utara\views\polygon-mapping.php on line 61
[2024-07-04 00:20:07] Error [8]: Undefined index: id_pmap in E:\laragon\www\apps\tugas\wisata_mollo_utara\views\polygon-mapping.php on line 58
[2024-07-04 00:20:07] Error [8]: Undefined index: id_pmap in E:\laragon\www\apps\tugas\wisata_mollo_utara\views\polygon-mapping.php on line 58
[2024-07-04 00:20:07] Error [8]: Undefined index: id_pmap in E:\laragon\www\apps\tugas\wisata_mollo_utara\views\polygon-mapping.php on line 61
[2024-07-04 00:20:07] Error [8]: Undefined index: id_pmap in E:\laragon\www\apps\tugas\wisata_mollo_utara\views\polygon-mapping.php on line 58
[2024-07-04 00:20:07] Error [8]: Undefined index: id_pmap in E:\laragon\www\apps\tugas\wisata_mollo_utara\views\polygon-mapping.php on line 58
[2024-07-04 00:20:07] Error [8]: Undefined index: id_pmap in E:\laragon\www\apps\tugas\wisata_mollo_utara\views\polygon-mapping.php on line 61
[2024-07-04 00:20:11] Error [8]: Undefined index: id_pmap in E:\laragon\www\apps\tugas\wisata_mollo_utara\views\polygon-mapping.php on line 58
[2024-07-04 00:20:11] Error [8]: Undefined index: id_pmap in E:\laragon\www\apps\tugas\wisata_mollo_utara\views\polygon-mapping.php on line 58
[2024-07-04 00:20:11] Error [8]: Undefined index: id_pmap in E:\laragon\www\apps\tugas\wisata_mollo_utara\views\polygon-mapping.php on line 61
[2024-07-04 00:20:11] Error [8]: Undefined index: id_pmap in E:\laragon\www\apps\tugas\wisata_mollo_utara\views\polygon-mapping.php on line 58
[2024-07-04 00:20:11] Error [8]: Undefined index: id_pmap in E:\laragon\www\apps\tugas\wisata_mollo_utara\views\polygon-mapping.php on line 58
[2024-07-04 00:20:11] Error [8]: Undefined index: id_pmap in E:\laragon\www\apps\tugas\wisata_mollo_utara\views\polygon-mapping.php on line 61
[2024-07-04 00:20:11] Error [8]: Undefined index: id_pmap in E:\laragon\www\apps\tugas\wisata_mollo_utara\views\polygon-mapping.php on line 58
[2024-07-04 00:20:11] Error [8]: Undefined index: id_pmap in E:\laragon\www\apps\tugas\wisata_mollo_utara\views\polygon-mapping.php on line 58
[2024-07-04 00:20:11] Error [8]: Undefined index: id_pmap in E:\laragon\www\apps\tugas\wisata_mollo_utara\views\polygon-mapping.php on line 61
[2024-07-04 00:20:11] Error [8]: Undefined index: id_pmap in E:\laragon\www\apps\tugas\wisata_mollo_utara\views\polygon-mapping.php on line 58
[2024-07-04 00:20:11] Error [8]: Undefined index: id_pmap in E:\laragon\www\apps\tugas\wisata_mollo_utara\views\polygon-mapping.php on line 58
[2024-07-04 00:20:11] Error [8]: Undefined index: id_pmap in E:\laragon\www\apps\tugas\wisata_mollo_utara\views\polygon-mapping.php on line 61
[2024-07-04 00:20:11] Error [8]: Undefined index: id_pmap in E:\laragon\www\apps\tugas\wisata_mollo_utara\views\polygon-mapping.php on line 58
[2024-07-04 00:20:11] Error [8]: Undefined index: id_pmap in E:\laragon\www\apps\tugas\wisata_mollo_utara\views\polygon-mapping.php on line 58
[2024-07-04 00:20:11] Error [8]: Undefined index: id_pmap in E:\laragon\www\apps\tugas\wisata_mollo_utara\views\polygon-mapping.php on line 61
[2024-07-04 00:20:11] Error [8]: Undefined index: id_pmap in E:\laragon\www\apps\tugas\wisata_mollo_utara\views\polygon-mapping.php on line 58
[2024-07-04 00:20:11] Error [8]: Undefined index: id_pmap in E:\laragon\www\apps\tugas\wisata_mollo_utara\views\polygon-mapping.php on line 58
[2024-07-04 00:20:11] Error [8]: Undefined index: id_pmap in E:\laragon\www\apps\tugas\wisata_mollo_utara\views\polygon-mapping.php on line 61
[2024-07-04 00:20:11] Error [8]: Undefined index: id_pmap in E:\laragon\www\apps\tugas\wisata_mollo_utara\views\polygon-mapping.php on line 58
[2024-07-04 00:20:11] Error [8]: Undefined index: id_pmap in E:\laragon\www\apps\tugas\wisata_mollo_utara\views\polygon-mapping.php on line 58
[2024-07-04 00:20:11] Error [8]: Undefined index: id_pmap in E:\laragon\www\apps\tugas\wisata_mollo_utara\views\polygon-mapping.php on line 61
[2024-07-04 00:20:11] Error [8]: Undefined index: id_pmap in E:\laragon\www\apps\tugas\wisata_mollo_utara\views\polygon-mapping.php on line 58
[2024-07-04 00:20:11] Error [8]: Undefined index: id_pmap in E:\laragon\www\apps\tugas\wisata_mollo_utara\views\polygon-mapping.php on line 58
[2024-07-04 00:20:11] Error [8]: Undefined index: id_pmap in E:\laragon\www\apps\tugas\wisata_mollo_utara\views\polygon-mapping.php on line 61
[2024-07-04 00:20:11] Error [8]: Undefined index: id_pmap in E:\laragon\www\apps\tugas\wisata_mollo_utara\views\polygon-mapping.php on line 58
[2024-07-04 00:20:11] Error [8]: Undefined index: id_pmap in E:\laragon\www\apps\tugas\wisata_mollo_utara\views\polygon-mapping.php on line 58
[2024-07-04 00:20:11] Error [8]: Undefined index: id_pmap in E:\laragon\www\apps\tugas\wisata_mollo_utara\views\polygon-mapping.php on line 61
[2024-07-04 00:20:11] Error [8]: Undefined index: id_pmap in E:\laragon\www\apps\tugas\wisata_mollo_utara\views\polygon-mapping.php on line 58
[2024-07-04 00:20:11] Error [8]: Undefined index: id_pmap in E:\laragon\www\apps\tugas\wisata_mollo_utara\views\polygon-mapping.php on line 58
[2024-07-04 00:20:11] Error [8]: Undefined index: id_pmap in E:\laragon\www\apps\tugas\wisata_mollo_utara\views\polygon-mapping.php on line 61
[2024-07-04 00:20:11] Error [8]: Undefined index: id_pmap in E:\laragon\www\apps\tugas\wisata_mollo_utara\views\polygon-mapping.php on line 58
[2024-07-04 00:20:11] Error [8]: Undefined index: id_pmap in E:\laragon\www\apps\tugas\wisata_mollo_utara\views\polygon-mapping.php on line 58
[2024-07-04 00:20:11] Error [8]: Undefined index: id_pmap in E:\laragon\www\apps\tugas\wisata_mollo_utara\views\polygon-mapping.php on line 61
[2024-07-04 00:20:11] Error [8]: Undefined index: id_pmap in E:\laragon\www\apps\tugas\wisata_mollo_utara\views\polygon-mapping.php on line 58
[2024-07-04 00:20:11] Error [8]: Undefined index: id_pmap in E:\laragon\www\apps\tugas\wisata_mollo_utara\views\polygon-mapping.php on line 58
[2024-07-04 00:20:11] Error [8]: Undefined index: id_pmap in E:\laragon\www\apps\tugas\wisata_mollo_utara\views\polygon-mapping.php on line 61
[2024-07-04 00:20:23] Error [8]: Undefined index: id_pmap in E:\laragon\www\apps\tugas\wisata_mollo_utara\views\polygon-mapping.php on line 58
[2024-07-04 00:20:23] Error [8]: Undefined index: id_pmap in E:\laragon\www\apps\tugas\wisata_mollo_utara\views\polygon-mapping.php on line 58
[2024-07-04 00:20:23] Error [8]: Undefined index: id_pmap in E:\laragon\www\apps\tugas\wisata_mollo_utara\views\polygon-mapping.php on line 61
[2024-07-04 00:20:23] Error [8]: Undefined index: id_pmap in E:\laragon\www\apps\tugas\wisata_mollo_utara\views\polygon-mapping.php on line 58
[2024-07-04 00:20:23] Error [8]: Undefined index: id_pmap in E:\laragon\www\apps\tugas\wisata_mollo_utara\views\polygon-mapping.php on line 58
[2024-07-04 00:20:23] Error [8]: Undefined index: id_pmap in E:\laragon\www\apps\tugas\wisata_mollo_utara\views\polygon-mapping.php on line 61
[2024-07-04 00:20:23] Error [8]: Undefined index: id_pmap in E:\laragon\www\apps\tugas\wisata_mollo_utara\views\polygon-mapping.php on line 58
[2024-07-04 00:20:23] Error [8]: Undefined index: id_pmap in E:\laragon\www\apps\tugas\wisata_mollo_utara\views\polygon-mapping.php on line 58
[2024-07-04 00:20:23] Error [8]: Undefined index: id_pmap in E:\laragon\www\apps\tugas\wisata_mollo_utara\views\polygon-mapping.php on line 61
[2024-07-04 00:20:23] Error [8]: Undefined index: id_pmap in E:\laragon\www\apps\tugas\wisata_mollo_utara\views\polygon-mapping.php on line 58
[2024-07-04 00:20:23] Error [8]: Undefined index: id_pmap in E:\laragon\www\apps\tugas\wisata_mollo_utara\views\polygon-mapping.php on line 58
[2024-07-04 00:20:23] Error [8]: Undefined index: id_pmap in E:\laragon\www\apps\tugas\wisata_mollo_utara\views\polygon-mapping.php on line 61
[2024-07-04 00:20:23] Error [8]: Undefined index: id_pmap in E:\laragon\www\apps\tugas\wisata_mollo_utara\views\polygon-mapping.php on line 58
[2024-07-04 00:20:23] Error [8]: Undefined index: id_pmap in E:\laragon\www\apps\tugas\wisata_mollo_utara\views\polygon-mapping.php on line 58
[2024-07-04 00:20:23] Error [8]: Undefined index: id_pmap in E:\laragon\www\apps\tugas\wisata_mollo_utara\views\polygon-mapping.php on line 61
[2024-07-04 00:20:23] Error [8]: Undefined index: id_pmap in E:\laragon\www\apps\tugas\wisata_mollo_utara\views\polygon-mapping.php on line 58
[2024-07-04 00:20:23] Error [8]: Undefined index: id_pmap in E:\laragon\www\apps\tugas\wisata_mollo_utara\views\polygon-mapping.php on line 58
[2024-07-04 00:20:23] Error [8]: Undefined index: id_pmap in E:\laragon\www\apps\tugas\wisata_mollo_utara\views\polygon-mapping.php on line 61
[2024-07-04 00:20:23] Error [8]: Undefined index: id_pmap in E:\laragon\www\apps\tugas\wisata_mollo_utara\views\polygon-mapping.php on line 58
[2024-07-04 00:20:23] Error [8]: Undefined index: id_pmap in E:\laragon\www\apps\tugas\wisata_mollo_utara\views\polygon-mapping.php on line 58
[2024-07-04 00:20:23] Error [8]: Undefined index: id_pmap in E:\laragon\www\apps\tugas\wisata_mollo_utara\views\polygon-mapping.php on line 61
[2024-07-04 00:20:23] Error [8]: Undefined index: id_pmap in E:\laragon\www\apps\tugas\wisata_mollo_utara\views\polygon-mapping.php on line 58
[2024-07-04 00:20:23] Error [8]: Undefined index: id_pmap in E:\laragon\www\apps\tugas\wisata_mollo_utara\views\polygon-mapping.php on line 58
[2024-07-04 00:20:23] Error [8]: Undefined index: id_pmap in E:\laragon\www\apps\tugas\wisata_mollo_utara\views\polygon-mapping.php on line 61
[2024-07-04 00:20:23] Error [8]: Undefined index: id_pmap in E:\laragon\www\apps\tugas\wisata_mollo_utara\views\polygon-mapping.php on line 58
[2024-07-04 00:20:23] Error [8]: Undefined index: id_pmap in E:\laragon\www\apps\tugas\wisata_mollo_utara\views\polygon-mapping.php on line 58
[2024-07-04 00:20:23] Error [8]: Undefined index: id_pmap in E:\laragon\www\apps\tugas\wisata_mollo_utara\views\polygon-mapping.php on line 61
[2024-07-04 00:20:23] Error [8]: Undefined index: id_pmap in E:\laragon\www\apps\tugas\wisata_mollo_utara\views\polygon-mapping.php on line 58
[2024-07-04 00:20:23] Error [8]: Undefined index: id_pmap in E:\laragon\www\apps\tugas\wisata_mollo_utara\views\polygon-mapping.php on line 58
[2024-07-04 00:20:23] Error [8]: Undefined index: id_pmap in E:\laragon\www\apps\tugas\wisata_mollo_utara\views\polygon-mapping.php on line 61
[2024-07-04 00:20:23] Error [8]: Undefined index: id_pmap in E:\laragon\www\apps\tugas\wisata_mollo_utara\views\polygon-mapping.php on line 58
[2024-07-04 00:20:23] Error [8]: Undefined index: id_pmap in E:\laragon\www\apps\tugas\wisata_mollo_utara\views\polygon-mapping.php on line 58
[2024-07-04 00:20:23] Error [8]: Undefined index: id_pmap in E:\laragon\www\apps\tugas\wisata_mollo_utara\views\polygon-mapping.php on line 61
[2024-07-04 00:20:23] Error [8]: Undefined index: id_pmap in E:\laragon\www\apps\tugas\wisata_mollo_utara\views\polygon-mapping.php on line 58
[2024-07-04 00:20:23] Error [8]: Undefined index: id_pmap in E:\laragon\www\apps\tugas\wisata_mollo_utara\views\polygon-mapping.php on line 58
[2024-07-04 00:20:23] Error [8]: Undefined index: id_pmap in E:\laragon\www\apps\tugas\wisata_mollo_utara\views\polygon-mapping.php on line 61
[2024-07-04 00:20:42] Error [8]: Undefined index: id_pmap in E:\laragon\www\apps\tugas\wisata_mollo_utara\views\polygon-mapping.php on line 58
[2024-07-04 00:20:42] Error [8]: Undefined index: id_pmap in E:\laragon\www\apps\tugas\wisata_mollo_utara\views\polygon-mapping.php on line 58
[2024-07-04 00:20:42] Error [8]: Undefined variable: data_polygon in E:\laragon\www\apps\tugas\wisata_mollo_utara\views\polygon-mapping.php on line 61
[2024-07-04 00:20:42] Error [8]: Trying to access array offset on value of type null in E:\laragon\www\apps\tugas\wisata_mollo_utara\views\polygon-mapping.php on line 61
[2024-07-04 00:20:42] Error [8]: Undefined index: id_pmap in E:\laragon\www\apps\tugas\wisata_mollo_utara\views\polygon-mapping.php on line 58
[2024-07-04 00:20:42] Error [8]: Undefined index: id_pmap in E:\laragon\www\apps\tugas\wisata_mollo_utara\views\polygon-mapping.php on line 58
[2024-07-04 00:20:42] Error [8]: Undefined index: id_pmap in E:\laragon\www\apps\tugas\wisata_mollo_utara\views\polygon-mapping.php on line 58
[2024-07-04 00:20:42] Error [8]: Undefined index: id_pmap in E:\laragon\www\apps\tugas\wisata_mollo_utara\views\polygon-mapping.php on line 58
[2024-07-04 00:20:42] Error [8]: Undefined index: id_pmap in E:\laragon\www\apps\tugas\wisata_mollo_utara\views\polygon-mapping.php on line 58
[2024-07-04 00:20:42] Error [8]: Undefined index: id_pmap in E:\laragon\www\apps\tugas\wisata_mollo_utara\views\polygon-mapping.php on line 58
[2024-07-04 00:20:42] Error [8]: Undefined index: id_pmap in E:\laragon\www\apps\tugas\wisata_mollo_utara\views\polygon-mapping.php on line 58
[2024-07-04 00:20:42] Error [8]: Undefined index: id_pmap in E:\laragon\www\apps\tugas\wisata_mollo_utara\views\polygon-mapping.php on line 58
[2024-07-04 00:20:42] Error [8]: Undefined index: id_pmap in E:\laragon\www\apps\tugas\wisata_mollo_utara\views\polygon-mapping.php on line 58
[2024-07-04 00:20:42] Error [8]: Undefined index: id_pmap in E:\laragon\www\apps\tugas\wisata_mollo_utara\views\polygon-mapping.php on line 58
[2024-07-04 00:20:42] Error [8]: Undefined index: id_pmap in E:\laragon\www\apps\tugas\wisata_mollo_utara\views\polygon-mapping.php on line 58
[2024-07-04 00:20:42] Error [8]: Undefined index: id_pmap in E:\laragon\www\apps\tugas\wisata_mollo_utara\views\polygon-mapping.php on line 58
[2024-07-04 00:20:42] Error [8]: Undefined index: id_pmap in E:\laragon\www\apps\tugas\wisata_mollo_utara\views\polygon-mapping.php on line 58
[2024-07-04 00:20:42] Error [8]: Undefined index: id_pmap in E:\laragon\www\apps\tugas\wisata_mollo_utara\views\polygon-mapping.php on line 58
[2024-07-04 00:20:42] Error [8]: Undefined index: id_pmap in E:\laragon\www\apps\tugas\wisata_mollo_utara\views\polygon-mapping.php on line 58
[2024-07-04 00:20:42] Error [8]: Undefined index: id_pmap in E:\laragon\www\apps\tugas\wisata_mollo_utara\views\polygon-mapping.php on line 58
[2024-07-04 00:20:42] Error [8]: Undefined index: id_pmap in E:\laragon\www\apps\tugas\wisata_mollo_utara\views\polygon-mapping.php on line 58
[2024-07-04 00:20:42] Error [8]: Undefined index: id_pmap in E:\laragon\www\apps\tugas\wisata_mollo_utara\views\polygon-mapping.php on line 58
[2024-07-04 00:20:42] Error [8]: Undefined index: id_pmap in E:\laragon\www\apps\tugas\wisata_mollo_utara\views\polygon-mapping.php on line 58
[2024-07-04 00:20:42] Error [8]: Undefined index: id_pmap in E:\laragon\www\apps\tugas\wisata_mollo_utara\views\polygon-mapping.php on line 58
[2024-07-04 00:20:42] Error [8]: Undefined index: id_pmap in E:\laragon\www\apps\tugas\wisata_mollo_utara\views\polygon-mapping.php on line 58
[2024-07-04 00:20:42] Error [8]: Undefined index: id_pmap in E:\laragon\www\apps\tugas\wisata_mollo_utara\views\polygon-mapping.php on line 58
[2024-07-04 00:20:45] Error [8]: Undefined index: id_pmap in E:\laragon\www\apps\tugas\wisata_mollo_utara\views\polygon-mapping.php on line 58
[2024-07-04 00:20:45] Error [8]: Undefined index: id_pmap in E:\laragon\www\apps\tugas\wisata_mollo_utara\views\polygon-mapping.php on line 58
[2024-07-04 00:20:45] Error [8]: Undefined variable: data_polygon in E:\laragon\www\apps\tugas\wisata_mollo_utara\views\polygon-mapping.php on line 61
[2024-07-04 00:20:45] Error [8]: Trying to access array offset on value of type null in E:\laragon\www\apps\tugas\wisata_mollo_utara\views\polygon-mapping.php on line 61
[2024-07-04 00:20:45] Error [8]: Undefined index: id_pmap in E:\laragon\www\apps\tugas\wisata_mollo_utara\views\polygon-mapping.php on line 58
[2024-07-04 00:20:45] Error [8]: Undefined index: id_pmap in E:\laragon\www\apps\tugas\wisata_mollo_utara\views\polygon-mapping.php on line 58
[2024-07-04 00:20:45] Error [8]: Undefined index: id_pmap in E:\laragon\www\apps\tugas\wisata_mollo_utara\views\polygon-mapping.php on line 58
[2024-07-04 00:20:45] Error [8]: Undefined index: id_pmap in E:\laragon\www\apps\tugas\wisata_mollo_utara\views\polygon-mapping.php on line 58
[2024-07-04 00:20:45] Error [8]: Undefined index: id_pmap in E:\laragon\www\apps\tugas\wisata_mollo_utara\views\polygon-mapping.php on line 58
[2024-07-04 00:20:45] Error [8]: Undefined index: id_pmap in E:\laragon\www\apps\tugas\wisata_mollo_utara\views\polygon-mapping.php on line 58
[2024-07-04 00:20:45] Error [8]: Undefined index: id_pmap in E:\laragon\www\apps\tugas\wisata_mollo_utara\views\polygon-mapping.php on line 58
[2024-07-04 00:20:45] Error [8]: Undefined index: id_pmap in E:\laragon\www\apps\tugas\wisata_mollo_utara\views\polygon-mapping.php on line 58
[2024-07-04 00:20:45] Error [8]: Undefined index: id_pmap in E:\laragon\www\apps\tugas\wisata_mollo_utara\views\polygon-mapping.php on line 58
[2024-07-04 00:20:45] Error [8]: Undefined index: id_pmap in E:\laragon\www\apps\tugas\wisata_mollo_utara\views\polygon-mapping.php on line 58
[2024-07-04 00:20:45] Error [8]: Undefined index: id_pmap in E:\laragon\www\apps\tugas\wisata_mollo_utara\views\polygon-mapping.php on line 58
[2024-07-04 00:20:45] Error [8]: Undefined index: id_pmap in E:\laragon\www\apps\tugas\wisata_mollo_utara\views\polygon-mapping.php on line 58
[2024-07-04 00:20:45] Error [8]: Undefined index: id_pmap in E:\laragon\www\apps\tugas\wisata_mollo_utara\views\polygon-mapping.php on line 58
[2024-07-04 00:20:45] Error [8]: Undefined index: id_pmap in E:\laragon\www\apps\tugas\wisata_mollo_utara\views\polygon-mapping.php on line 58
[2024-07-04 00:20:45] Error [8]: Undefined index: id_pmap in E:\laragon\www\apps\tugas\wisata_mollo_utara\views\polygon-mapping.php on line 58
[2024-07-04 00:20:45] Error [8]: Undefined index: id_pmap in E:\laragon\www\apps\tugas\wisata_mollo_utara\views\polygon-mapping.php on line 58
[2024-07-04 00:20:45] Error [8]: Undefined index: id_pmap in E:\laragon\www\apps\tugas\wisata_mollo_utara\views\polygon-mapping.php on line 58
[2024-07-04 00:20:45] Error [8]: Undefined index: id_pmap in E:\laragon\www\apps\tugas\wisata_mollo_utara\views\polygon-mapping.php on line 58
[2024-07-04 00:20:45] Error [8]: Undefined index: id_pmap in E:\laragon\www\apps\tugas\wisata_mollo_utara\views\polygon-mapping.php on line 58
[2024-07-04 00:20:45] Error [8]: Undefined index: id_pmap in E:\laragon\www\apps\tugas\wisata_mollo_utara\views\polygon-mapping.php on line 58
[2024-07-04 00:20:45] Error [8]: Undefined index: id_pmap in E:\laragon\www\apps\tugas\wisata_mollo_utara\views\polygon-mapping.php on line 58
[2024-07-04 00:20:45] Error [8]: Undefined index: id_pmap in E:\laragon\www\apps\tugas\wisata_mollo_utara\views\polygon-mapping.php on line 58
[2024-07-04 00:40:25] Error [8]: Undefined index: id_wisata in E:\laragon\www\apps\tugas\wisata_mollo_utara\views\maps.php on line 51
[2024-07-04 00:40:25] Error [8]: Undefined index: nama in E:\laragon\www\apps\tugas\wisata_mollo_utara\views\maps.php on line 56
[2024-07-04 00:40:25] Error [8]: Undefined index: id_wisata in E:\laragon\www\apps\tugas\wisata_mollo_utara\views\maps.php on line 51
[2024-07-04 00:40:25] Error [8]: Undefined index: nama in E:\laragon\www\apps\tugas\wisata_mollo_utara\views\maps.php on line 56
[2024-07-04 00:40:25] Error [8]: Undefined index: id_wisata in E:\laragon\www\apps\tugas\wisata_mollo_utara\views\maps.php on line 51
[2024-07-04 00:40:25] Error [8]: Undefined index: nama in E:\laragon\www\apps\tugas\wisata_mollo_utara\views\maps.php on line 56
[2024-07-04 00:40:25] Error [8]: Undefined index: id_wisata in E:\laragon\www\apps\tugas\wisata_mollo_utara\views\maps.php on line 51
[2024-07-04 00:40:25] Error [8]: Undefined index: nama in E:\laragon\www\apps\tugas\wisata_mollo_utara\views\maps.php on line 56
[2024-07-04 00:40:25] Error [8]: Undefined index: id_wisata in E:\laragon\www\apps\tugas\wisata_mollo_utara\views\maps.php on line 51
[2024-07-04 00:40:25] Error [8]: Undefined index: nama in E:\laragon\www\apps\tugas\wisata_mollo_utara\views\maps.php on line 56
[2024-07-04 00:40:25] Error [8]: Undefined index: id_wisata in E:\laragon\www\apps\tugas\wisata_mollo_utara\views\maps.php on line 51
[2024-07-04 00:40:25] Error [8]: Undefined index: nama in E:\laragon\www\apps\tugas\wisata_mollo_utara\views\maps.php on line 56
[2024-07-04 00:40:25] Error [8]: Undefined index: id_wisata in E:\laragon\www\apps\tugas\wisata_mollo_utara\views\maps.php on line 51
[2024-07-04 00:40:25] Error [8]: Undefined index: nama in E:\laragon\www\apps\tugas\wisata_mollo_utara\views\maps.php on line 56
[2024-07-04 00:40:25] Error [8]: Undefined index: id_wisata in E:\laragon\www\apps\tugas\wisata_mollo_utara\views\maps.php on line 51
[2024-07-04 00:40:25] Error [8]: Undefined index: nama in E:\laragon\www\apps\tugas\wisata_mollo_utara\views\maps.php on line 56
[2024-07-04 00:40:25] Error [8]: Undefined index: id_wisata in E:\laragon\www\apps\tugas\wisata_mollo_utara\views\maps.php on line 51
[2024-07-04 00:40:25] Error [8]: Undefined index: nama in E:\laragon\www\apps\tugas\wisata_mollo_utara\views\maps.php on line 56
[2024-07-04 00:40:25] Error [8]: Undefined index: id_wisata in E:\laragon\www\apps\tugas\wisata_mollo_utara\views\maps.php on line 51
[2024-07-04 00:40:25] Error [8]: Undefined index: nama in E:\laragon\www\apps\tugas\wisata_mollo_utara\views\maps.php on line 56
[2024-07-04 00:40:25] Error [8]: Undefined index: id_wisata in E:\laragon\www\apps\tugas\wisata_mollo_utara\views\maps.php on line 51
[2024-07-04 00:40:25] Error [8]: Undefined index: nama in E:\laragon\www\apps\tugas\wisata_mollo_utara\views\maps.php on line 56
[2024-07-04 00:40:25] Error [8]: Undefined index: id_wisata in E:\laragon\www\apps\tugas\wisata_mollo_utara\views\maps.php on line 51
[2024-07-04 00:40:25] Error [8]: Undefined index: nama in E:\laragon\www\apps\tugas\wisata_mollo_utara\views\maps.php on line 56
[2024-07-04 00:41:51] Error [8]: Undefined index: id_wisata in E:\laragon\www\apps\tugas\wisata_mollo_utara\views\maps.php on line 51
[2024-07-04 00:41:51] Error [8]: Undefined index: nama in E:\laragon\www\apps\tugas\wisata_mollo_utara\views\maps.php on line 56
[2024-07-04 00:41:51] Error [8]: Undefined index: id_wisata in E:\laragon\www\apps\tugas\wisata_mollo_utara\views\maps.php on line 51
[2024-07-04 00:41:51] Error [8]: Undefined index: nama in E:\laragon\www\apps\tugas\wisata_mollo_utara\views\maps.php on line 56
[2024-07-04 00:41:51] Error [8]: Undefined index: id_wisata in E:\laragon\www\apps\tugas\wisata_mollo_utara\views\maps.php on line 51
[2024-07-04 00:41:51] Error [8]: Undefined index: nama in E:\laragon\www\apps\tugas\wisata_mollo_utara\views\maps.php on line 56
[2024-07-04 00:41:51] Error [8]: Undefined index: id_wisata in E:\laragon\www\apps\tugas\wisata_mollo_utara\views\maps.php on line 51
[2024-07-04 00:41:51] Error [8]: Undefined index: nama in E:\laragon\www\apps\tugas\wisata_mollo_utara\views\maps.php on line 56
[2024-07-04 00:41:51] Error [8]: Undefined index: id_wisata in E:\laragon\www\apps\tugas\wisata_mollo_utara\views\maps.php on line 51
[2024-07-04 00:41:51] Error [8]: Undefined index: nama in E:\laragon\www\apps\tugas\wisata_mollo_utara\views\maps.php on line 56
[2024-07-04 00:41:51] Error [8]: Undefined index: id_wisata in E:\laragon\www\apps\tugas\wisata_mollo_utara\views\maps.php on line 51
[2024-07-04 00:41:51] Error [8]: Undefined index: nama in E:\laragon\www\apps\tugas\wisata_mollo_utara\views\maps.php on line 56
[2024-07-04 00:41:51] Error [8]: Undefined index: id_wisata in E:\laragon\www\apps\tugas\wisata_mollo_utara\views\maps.php on line 51
[2024-07-04 00:41:51] Error [8]: Undefined index: nama in E:\laragon\www\apps\tugas\wisata_mollo_utara\views\maps.php on line 56
[2024-07-04 00:41:51] Error [8]: Undefined index: id_wisata in E:\laragon\www\apps\tugas\wisata_mollo_utara\views\maps.php on line 51
[2024-07-04 00:41:51] Error [8]: Undefined index: nama in E:\laragon\www\apps\tugas\wisata_mollo_utara\views\maps.php on line 56
[2024-07-04 00:41:51] Error [8]: Undefined index: id_wisata in E:\laragon\www\apps\tugas\wisata_mollo_utara\views\maps.php on line 51
[2024-07-04 00:41:51] Error [8]: Undefined index: nama in E:\laragon\www\apps\tugas\wisata_mollo_utara\views\maps.php on line 56
[2024-07-04 00:41:51] Error [8]: Undefined index: id_wisata in E:\laragon\www\apps\tugas\wisata_mollo_utara\views\maps.php on line 51
[2024-07-04 00:41:51] Error [8]: Undefined index: nama in E:\laragon\www\apps\tugas\wisata_mollo_utara\views\maps.php on line 56
[2024-07-04 00:41:51] Error [8]: Undefined index: id_wisata in E:\laragon\www\apps\tugas\wisata_mollo_utara\views\maps.php on line 51
[2024-07-04 00:41:51] Error [8]: Undefined index: nama in E:\laragon\www\apps\tugas\wisata_mollo_utara\views\maps.php on line 56
[2024-07-04 00:41:51] Error [8]: Undefined index: id_wisata in E:\laragon\www\apps\tugas\wisata_mollo_utara\views\maps.php on line 51
[2024-07-04 00:41:51] Error [8]: Undefined index: nama in E:\laragon\www\apps\tugas\wisata_mollo_utara\views\maps.php on line 56
[2024-07-04 00:41:54] Error [8]: Undefined index: id_wisata in E:\laragon\www\apps\tugas\wisata_mollo_utara\views\maps.php on line 51
[2024-07-04 00:41:54] Error [8]: Undefined index: nama in E:\laragon\www\apps\tugas\wisata_mollo_utara\views\maps.php on line 56
[2024-07-04 00:41:54] Error [8]: Undefined index: id_wisata in E:\laragon\www\apps\tugas\wisata_mollo_utara\views\maps.php on line 51
[2024-07-04 00:41:54] Error [8]: Undefined index: nama in E:\laragon\www\apps\tugas\wisata_mollo_utara\views\maps.php on line 56
[2024-07-04 00:41:54] Error [8]: Undefined index: id_wisata in E:\laragon\www\apps\tugas\wisata_mollo_utara\views\maps.php on line 51
[2024-07-04 00:41:54] Error [8]: Undefined index: nama in E:\laragon\www\apps\tugas\wisata_mollo_utara\views\maps.php on line 56
[2024-07-04 00:41:54] Error [8]: Undefined index: id_wisata in E:\laragon\www\apps\tugas\wisata_mollo_utara\views\maps.php on line 51
[2024-07-04 00:41:54] Error [8]: Undefined index: nama in E:\laragon\www\apps\tugas\wisata_mollo_utara\views\maps.php on line 56
[2024-07-04 00:41:54] Error [8]: Undefined index: id_wisata in E:\laragon\www\apps\tugas\wisata_mollo_utara\views\maps.php on line 51
[2024-07-04 00:41:54] Error [8]: Undefined index: nama in E:\laragon\www\apps\tugas\wisata_mollo_utara\views\maps.php on line 56
[2024-07-04 00:41:54] Error [8]: Undefined index: id_wisata in E:\laragon\www\apps\tugas\wisata_mollo_utara\views\maps.php on line 51
[2024-07-04 00:41:54] Error [8]: Undefined index: nama in E:\laragon\www\apps\tugas\wisata_mollo_utara\views\maps.php on line 56
[2024-07-04 00:41:54] Error [8]: Undefined index: id_wisata in E:\laragon\www\apps\tugas\wisata_mollo_utara\views\maps.php on line 51
[2024-07-04 00:41:54] Error [8]: Undefined index: nama in E:\laragon\www\apps\tugas\wisata_mollo_utara\views\maps.php on line 56
[2024-07-04 00:41:54] Error [8]: Undefined index: id_wisata in E:\laragon\www\apps\tugas\wisata_mollo_utara\views\maps.php on line 51
[2024-07-04 00:41:54] Error [8]: Undefined index: nama in E:\laragon\www\apps\tugas\wisata_mollo_utara\views\maps.php on line 56
[2024-07-04 00:41:54] Error [8]: Undefined index: id_wisata in E:\laragon\www\apps\tugas\wisata_mollo_utara\views\maps.php on line 51
[2024-07-04 00:41:54] Error [8]: Undefined index: nama in E:\laragon\www\apps\tugas\wisata_mollo_utara\views\maps.php on line 56
[2024-07-04 00:41:54] Error [8]: Undefined index: id_wisata in E:\laragon\www\apps\tugas\wisata_mollo_utara\views\maps.php on line 51
[2024-07-04 00:41:54] Error [8]: Undefined index: nama in E:\laragon\www\apps\tugas\wisata_mollo_utara\views\maps.php on line 56
[2024-07-04 00:41:54] Error [8]: Undefined index: id_wisata in E:\laragon\www\apps\tugas\wisata_mollo_utara\views\maps.php on line 51
[2024-07-04 00:41:54] Error [8]: Undefined index: nama in E:\laragon\www\apps\tugas\wisata_mollo_utara\views\maps.php on line 56
[2024-07-04 00:41:54] Error [8]: Undefined index: id_wisata in E:\laragon\www\apps\tugas\wisata_mollo_utara\views\maps.php on line 51
[2024-07-04 00:41:54] Error [8]: Undefined index: nama in E:\laragon\www\apps\tugas\wisata_mollo_utara\views\maps.php on line 56
[2024-07-04 00:42:42] Error [8]: Undefined index: id_wisata in E:\laragon\www\apps\tugas\wisata_mollo_utara\views\maps.php on line 51
[2024-07-04 00:42:42] Error [8]: Undefined index: nama_wisata in E:\laragon\www\apps\tugas\wisata_mollo_utara\views\maps.php on line 56
[2024-07-04 00:42:42] Error [8]: Undefined index: id_wisata in E:\laragon\www\apps\tugas\wisata_mollo_utara\views\maps.php on line 51
[2024-07-04 00:42:42] Error [8]: Undefined index: nama_wisata in E:\laragon\www\apps\tugas\wisata_mollo_utara\views\maps.php on line 56
[2024-07-04 00:42:42] Error [8]: Undefined index: id_wisata in E:\laragon\www\apps\tugas\wisata_mollo_utara\views\maps.php on line 51
[2024-07-04 00:42:42] Error [8]: Undefined index: nama_wisata in E:\laragon\www\apps\tugas\wisata_mollo_utara\views\maps.php on line 56
[2024-07-04 00:42:42] Error [8]: Undefined index: id_wisata in E:\laragon\www\apps\tugas\wisata_mollo_utara\views\maps.php on line 51
[2024-07-04 00:42:42] Error [8]: Undefined index: nama_wisata in E:\laragon\www\apps\tugas\wisata_mollo_utara\views\maps.php on line 56
[2024-07-04 00:42:42] Error [8]: Undefined index: id_wisata in E:\laragon\www\apps\tugas\wisata_mollo_utara\views\maps.php on line 51
[2024-07-04 00:42:42] Error [8]: Undefined index: nama_wisata in E:\laragon\www\apps\tugas\wisata_mollo_utara\views\maps.php on line 56
[2024-07-04 00:42:42] Error [8]: Undefined index: id_wisata in E:\laragon\www\apps\tugas\wisata_mollo_utara\views\maps.php on line 51
[2024-07-04 00:42:42] Error [8]: Undefined index: nama_wisata in E:\laragon\www\apps\tugas\wisata_mollo_utara\views\maps.php on line 56
[2024-07-04 00:42:42] Error [8]: Undefined index: id_wisata in E:\laragon\www\apps\tugas\wisata_mollo_utara\views\maps.php on line 51
[2024-07-04 00:42:42] Error [8]: Undefined index: nama_wisata in E:\laragon\www\apps\tugas\wisata_mollo_utara\views\maps.php on line 56
[2024-07-04 00:42:42] Error [8]: Undefined index: id_wisata in E:\laragon\www\apps\tugas\wisata_mollo_utara\views\maps.php on line 51
[2024-07-04 00:42:42] Error [8]: Undefined index: nama_wisata in E:\laragon\www\apps\tugas\wisata_mollo_utara\views\maps.php on line 56
[2024-07-04 00:42:42] Error [8]: Undefined index: id_wisata in E:\laragon\www\apps\tugas\wisata_mollo_utara\views\maps.php on line 51
[2024-07-04 00:42:42] Error [8]: Undefined index: nama_wisata in E:\laragon\www\apps\tugas\wisata_mollo_utara\views\maps.php on line 56
[2024-07-04 00:42:42] Error [8]: Undefined index: id_wisata in E:\laragon\www\apps\tugas\wisata_mollo_utara\views\maps.php on line 51
[2024-07-04 00:42:42] Error [8]: Undefined index: nama_wisata in E:\laragon\www\apps\tugas\wisata_mollo_utara\views\maps.php on line 56
[2024-07-04 00:42:42] Error [8]: Undefined index: id_wisata in E:\laragon\www\apps\tugas\wisata_mollo_utara\views\maps.php on line 51
[2024-07-04 00:42:42] Error [8]: Undefined index: nama_wisata in E:\laragon\www\apps\tugas\wisata_mollo_utara\views\maps.php on line 56
[2024-07-04 00:42:42] Error [8]: Undefined index: id_wisata in E:\laragon\www\apps\tugas\wisata_mollo_utara\views\maps.php on line 51
[2024-07-04 00:42:42] Error [8]: Undefined index: nama_wisata in E:\laragon\www\apps\tugas\wisata_mollo_utara\views\maps.php on line 56
[2024-07-04 00:44:06] Error [8]: Undefined index: id_wisata in E:\laragon\www\apps\tugas\wisata_mollo_utara\views\maps.php on line 51
[2024-07-04 00:44:06] Error [8]: Undefined index: nama_wisata in E:\laragon\www\apps\tugas\wisata_mollo_utara\views\maps.php on line 56
[2024-07-04 00:44:06] Error [8]: Undefined index: id_wisata in E:\laragon\www\apps\tugas\wisata_mollo_utara\views\maps.php on line 51
[2024-07-04 00:44:06] Error [8]: Undefined index: nama_wisata in E:\laragon\www\apps\tugas\wisata_mollo_utara\views\maps.php on line 56
[2024-07-04 00:44:06] Error [8]: Undefined index: id_wisata in E:\laragon\www\apps\tugas\wisata_mollo_utara\views\maps.php on line 51
[2024-07-04 00:44:06] Error [8]: Undefined index: nama_wisata in E:\laragon\www\apps\tugas\wisata_mollo_utara\views\maps.php on line 56
[2024-07-04 00:44:06] Error [8]: Undefined index: id_wisata in E:\laragon\www\apps\tugas\wisata_mollo_utara\views\maps.php on line 51
[2024-07-04 00:44:06] Error [8]: Undefined index: nama_wisata in E:\laragon\www\apps\tugas\wisata_mollo_utara\views\maps.php on line 56
[2024-07-04 00:44:06] Error [8]: Undefined index: id_wisata in E:\laragon\www\apps\tugas\wisata_mollo_utara\views\maps.php on line 51
[2024-07-04 00:44:06] Error [8]: Undefined index: nama_wisata in E:\laragon\www\apps\tugas\wisata_mollo_utara\views\maps.php on line 56
[2024-07-04 00:44:06] Error [8]: Undefined index: id_wisata in E:\laragon\www\apps\tugas\wisata_mollo_utara\views\maps.php on line 51
[2024-07-04 00:44:06] Error [8]: Undefined index: nama_wisata in E:\laragon\www\apps\tugas\wisata_mollo_utara\views\maps.php on line 56
[2024-07-04 00:44:06] Error [8]: Undefined index: id_wisata in E:\laragon\www\apps\tugas\wisata_mollo_utara\views\maps.php on line 51
[2024-07-04 00:44:06] Error [8]: Undefined index: nama_wisata in E:\laragon\www\apps\tugas\wisata_mollo_utara\views\maps.php on line 56
[2024-07-04 00:44:06] Error [8]: Undefined index: id_wisata in E:\laragon\www\apps\tugas\wisata_mollo_utara\views\maps.php on line 51
[2024-07-04 00:44:06] Error [8]: Undefined index: nama_wisata in E:\laragon\www\apps\tugas\wisata_mollo_utara\views\maps.php on line 56
[2024-07-04 00:44:06] Error [8]: Undefined index: id_wisata in E:\laragon\www\apps\tugas\wisata_mollo_utara\views\maps.php on line 51
[2024-07-04 00:44:06] Error [8]: Undefined index: nama_wisata in E:\laragon\www\apps\tugas\wisata_mollo_utara\views\maps.php on line 56
[2024-07-04 00:44:06] Error [8]: Undefined index: id_wisata in E:\laragon\www\apps\tugas\wisata_mollo_utara\views\maps.php on line 51
[2024-07-04 00:44:06] Error [8]: Undefined index: nama_wisata in E:\laragon\www\apps\tugas\wisata_mollo_utara\views\maps.php on line 56
[2024-07-04 00:44:06] Error [8]: Undefined index: id_wisata in E:\laragon\www\apps\tugas\wisata_mollo_utara\views\maps.php on line 51
[2024-07-04 00:44:06] Error [8]: Undefined index: nama_wisata in E:\laragon\www\apps\tugas\wisata_mollo_utara\views\maps.php on line 56
[2024-07-04 00:44:06] Error [8]: Undefined index: id_wisata in E:\laragon\www\apps\tugas\wisata_mollo_utara\views\maps.php on line 51
[2024-07-04 00:44:06] Error [8]: Undefined index: nama_wisata in E:\laragon\www\apps\tugas\wisata_mollo_utara\views\maps.php on line 56
